2025-05-03 19:00:52 { { "lua/cyrusn/plugins/ui/colorscheme.lua" } }
2025-05-03 19:00:56 { { "lua/cyrusn/plugins/ui/colorscheme.lua" }, { "lua/cyrusn/plugins/util/harpoon.lua" } }
2025-05-03 19:01:36 { { "lua/cyrusn/plugins/ui/colorscheme.lua" }, { "lua/cyrusn/plugins/util/harpoon.lua" } }
2025-05-03 19:01:42 { { "lua/cyrusn/plugins/ui/colorscheme.lua" }, { "lua/cyrusn/plugins/util/harpoon.lua" } }
2025-05-03 19:05:09 { { "lua/cyrusn/plugins/ui/colorscheme.lua" }, { "lua/cyrusn/plugins/util/harpoon.lua" } }
2025-05-03 19:24:24 { { "lua/cyrusn/plugins/ui/colorscheme.lua" }, { "lua/cyrusn/plugins/util/harpoon.lua" } }
2025-05-03 19:24:26 { { "lua/cyrusn/plugins/ui/colorscheme.lua" }, { "lua/cyrusn/plugins/util/harpoon.lua" } }
2025-05-03 19:24:30 { "lua/cyrusn/plugins/ui/colorscheme.lua", "lua/cyrusn/plugins/util/harpoon.lua" }
2025-05-03 19:24:44 { { "lua/cyrusn/plugins/ui/colorscheme.lua" }, { "lua/cyrusn/plugins/util/harpoon.lua" } }
2025-05-03 19:26:21 { {
    file = "lua/cyrusn/plugins/ui/colorscheme.lua",
    text = "lua/cyrusn/plugins/ui/colorscheme.lua"
  }, {
    file = "lua/cyrusn/plugins/util/harpoon.lua",
    text = "lua/cyrusn/plugins/util/harpoon.lua"
  } }
2025-05-03 19:26:29 { {
    file = "lua/cyrusn/plugins/ui/colorscheme.lua",
    text = "lua/cyrusn/plugins/ui/colorscheme.lua"
  }, {
    file = "lua/cyrusn/plugins/util/harpoon.lua",
    text = "lua/cyrusn/plugins/util/harpoon.lua"
  } }
2025-05-03 19:26:31 { { file = "lua/cyrusn/plugins/util/harpoon.lua", text = "lua/cyrusn/plugins/util/harpoon.lua" } }
2025-05-03 19:37:40 { { file = "lua/cyrusn/plugins/util/harpoon.lua", text = "lua/cyrusn/plugins/util/harpoon.lua" } }
2025-05-03 19:37:49 { {
    file = "lua/cyrusn/plugins/util/harpoon.lua",
    text = "lua/cyrusn/plugins/util/harpoon.lua"
  }, {
    file = "lua/cyrusn/plugins/editor/snacks.lua",
    text = "lua/cyrusn/plugins/editor/snacks.lua"
  } }
2025-05-03 19:38:21 { {
    file = "lua/cyrusn/plugins/util/harpoon.lua",
    text = "lua/cyrusn/plugins/util/harpoon.lua"
  }, {
    file = "lua/cyrusn/plugins/editor/snacks.lua",
    text = "lua/cyrusn/plugins/editor/snacks.lua"
  } }
2025-05-03 19:38:25 { {
    file = "lua/cyrusn/plugins/util/harpoon.lua",
    text = "lua/cyrusn/plugins/util/harpoon.lua"
  }, {
    file = "lua/cyrusn/plugins/editor/snacks.lua",
    text = "lua/cyrusn/plugins/editor/snacks.lua"
  } }
2025-05-03 19:39:31 { {
    file = "lua/cyrusn/plugins/util/harpoon.lua",
    text = "lua/cyrusn/plugins/util/harpoon.lua"
  }, {
    file = "lua/cyrusn/plugins/editor/snacks.lua",
    text = "lua/cyrusn/plugins/editor/snacks.lua"
  } }
2025-05-03 19:42:51 { {
    file = "lua/cyrusn/plugins/util/harpoon.lua",
    text = "lua/cyrusn/plugins/util/harpoon.lua"
  }, {
    file = "lua/cyrusn/plugins/editor/snacks.lua",
    text = "lua/cyrusn/plugins/editor/snacks.lua"
  } }
